Thu Sep 20 20:18:35 BDT 2018 : Apache Derby Network Server - 10.11.1.2 - (1629631) started and ready to accept connections on port 1527
----------------------------------------------------------------
Thu Sep 20 20:18:36 BDT 2018:
Booting Derby version The Apache Software Foundation - Apache Derby - 10.11.1.2 - (1629631): instance a816c00e-0165-f758-c48f-ffffe4edd7f2 
on database directory C:\Users\moham\Documents\NetBeansProjects\Student Management System\LoginInformation with class loader sun.misc.Launcher$AppClassLoader@266474c2 
Loaded from file:/C:/Program%20Files/Java/jdk1.8.0_161/db/lib/derby.jar
java.vendor=Oracle Corporation
java.runtime.version=1.8.0_161-b12
user.dir=C:\Program Files\Java\jdk1.8.0_161\db
os.name=Windows 10
os.arch=amd64
os.version=10.0
derby.system.home=C:\Users\moham\Documents\NetBeansProjects\Student Management System
Database Class Loader started - derby.database.classpath=''
----------------------------------------------------------------
Thu Sep 20 20:18:40 BDT 2018:
Booting Derby version The Apache Software Foundation - Apache Derby - 10.11.1.2 - (1629631): instance a094c023-0165-f758-c48f-ffffe4edd7f2 
on database directory C:\Users\moham\Documents\NetBeansProjects\Student Management System\resultCGPA with class loader sun.misc.Launcher$AppClassLoader@266474c2 
Loaded from file:/C:/Program%20Files/Java/jdk1.8.0_161/db/lib/derby.jar
java.vendor=Oracle Corporation
java.runtime.version=1.8.0_161-b12
user.dir=C:\Program Files\Java\jdk1.8.0_161\db
os.name=Windows 10
os.arch=amd64
os.version=10.0
derby.system.home=C:\Users\moham\Documents\NetBeansProjects\Student Management System
Database Class Loader started - derby.database.classpath=''
----------------------------------------------------------------
Thu Sep 20 20:18:45 BDT 2018:
Booting Derby version The Apache Software Foundation - Apache Derby - 10.11.1.2 - (1629631): instance b9810038-0165-f758-c48f-ffffe4edd7f2 
on database directory C:\Users\moham\Documents\NetBeansProjects\Student Management System\StudentAllData with class loader sun.misc.Launcher$AppClassLoader@266474c2 
Loaded from file:/C:/Program%20Files/Java/jdk1.8.0_161/db/lib/derby.jar
java.vendor=Oracle Corporation
java.runtime.version=1.8.0_161-b12
user.dir=C:\Program Files\Java\jdk1.8.0_161\db
os.name=Windows 10
os.arch=amd64
os.version=10.0
derby.system.home=C:\Users\moham\Documents\NetBeansProjects\Student Management System
Database Class Loader started - derby.database.classpath=''
----------------------------------------------------------------
Thu Sep 20 23:54:18 BDT 2018: Shutting down Derby engine
